<?xml version="1.0" encoding="UTF-8"?>
<!-- Generated by org.testng.reporters.JUnitXMLReporter -->
<testsuite hostname="LAPTOP-PQ79RKAL" ignored="0" name="Test" tests="4" failures="0" timestamp="26 Jun 2019 19:01:06 GMT" time="0.04" errors="0">
  <testcase name="test3" time="0.008" classname="test3.Test3"/>
  <testcase name="test2" time="0.008" classname="test2.Test2"/>
  <testcase name="mergeTest" time="0.008" classname="test1.Test1"/>
  <testcase name="test1" time="0.0" classname="test1.Test1"/>
</testsuite> <!-- Test -->
