<?xml version="1.0" encoding="UTF-8"?>
<testng-results skipped="0" failed="0" ignored="0" total="4" passed="4">
  <reporter-output>
  </reporter-output>
  <suite name="Suite" duration-ms="36" started-at="2019-06-26T13:43:47Z" finished-at="2019-06-26T13:43:47Z">
    <groups>
    </groups>
    <test name="Test" duration-ms="36" started-at="2019-06-26T13:43:47Z" finished-at="2019-06-26T13:43:47Z">
      <class name="test1.Test1">
        <test-method status="PASS" signature="mergeTest()[pri:0, instance:test1.Test1@3498ed]" name="mergeTest" duration-ms="7" started-at="2019-06-26T13:43:47Z" finished-at="2019-06-26T13:43:47Z">
          <reporter-output>
          </reporter-output>
        </test-method> <!-- mergeTest -->
        <test-method status="PASS" signature="test1()[pri:0, instance:test1.Test1@3498ed]" name="test1" duration-ms="0" started-at="2019-06-26T13:43:47Z" finished-at="2019-06-26T13:43:47Z">
          <reporter-output>
          </reporter-output>
        </test-method> <!-- test1 -->
      </class> <!-- test1.Test1 -->
      <class name="test2.Test2">
        <test-method status="PASS" signature="test2()[pri:0, instance:test2.Test2@1a407d53]" name="test2" duration-ms="7" started-at="2019-06-26T13:43:47Z" finished-at="2019-06-26T13:43:47Z">
          <reporter-output>
          </reporter-output>
        </test-method> <!-- test2 -->
      </class> <!-- test2.Test2 -->
      <class name="test3.Test3">
        <test-method status="PASS" signature="test3()[pri:0, instance:test3.Test3@3d8c7aca]" name="test3" duration-ms="7" started-at="2019-06-26T13:43:47Z" finished-at="2019-06-26T13:43:47Z">
          <reporter-output>
          </reporter-output>
        </test-method> <!-- test3 -->
      </class> <!-- test3.Test3 -->
    </test> <!-- Test -->
  </suite> <!-- Suite -->
</testng-results>
